<?xml version="1.0" encoding="UTF-8"?>
<testng-results skipped="0" failed="0" total="1" passed="1">
  <reporter-output>
  </reporter-output>
  <suite name="Suite" duration-ms="21256" started-at="2020-01-20T15:20:41Z" finished-at="2020-01-20T15:21:02Z">
    <groups>
    </groups>
    <test name="ChromeTest" duration-ms="21256" started-at="2020-01-20T15:20:41Z" finished-at="2020-01-20T15:21:02Z">
      <class name="com.OrangeHRM.TestCases.TC_LoginPage">
        <test-method status="PASS" signature="startReport()[pri:0, instance:com.OrangeHRM.TestCases.TC_LoginPage@7d9d1a19]" name="startReport" is-config="true" duration-ms="141" started-at="2020-01-20T20:50:41Z" finished-at="2020-01-20T20:50:41Z">
          <reporter-output>
          </reporter-output>
        </test-method> <!-- startReport -->
        <test-method status="PASS" signature="setup(java.lang.String)[pri:0, instance:com.OrangeHRM.TestCases.TC_LoginPage@7d9d1a19]" name="setup" is-config="true" duration-ms="6074" started-at="2020-01-20T20:50:41Z" finished-at="2020-01-20T20:50:47Z">
          <params>
            <param index="0">
              <value>
                <![CDATA[Firefox]]>
              </value>
            </param>
          </params>
          <reporter-output>
          </reporter-output>
        </test-method> <!-- setup -->
        <test-method status="PASS" signature="LoginPage()[pri:0, instance:com.OrangeHRM.TestCases.TC_LoginPage@7d9d1a19]" name="LoginPage" duration-ms="12753" started-at="2020-01-20T20:50:47Z" finished-at="2020-01-20T20:51:00Z">
          <reporter-output>
          </reporter-output>
        </test-method> <!-- LoginPage -->
        <test-method status="PASS" signature="getResult(org.testng.ITestResult)[pri:0, instance:com.OrangeHRM.TestCases.TC_LoginPage@7d9d1a19]" name="getResult" is-config="true" duration-ms="1" started-at="2020-01-20T20:51:00Z" finished-at="2020-01-20T20:51:00Z">
          <params>
            <param index="0">
              <value>
                <![CDATA[[TestResult name=LoginPage status=SUCCESS method=TC_LoginPage.LoginPage()[pri:0, instance:com.OrangeHRM.TestCases.TC_LoginPage@7d9d1a19] output={null}]]]>
              </value>
            </param>
          </params>
          <reporter-output>
          </reporter-output>
        </test-method> <!-- getResult -->
        <test-method status="PASS" signature="tearDown()[pri:0, instance:com.OrangeHRM.TestCases.TC_LoginPage@7d9d1a19]" name="tearDown" is-config="true" duration-ms="2411" started-at="2020-01-20T20:51:00Z" finished-at="2020-01-20T20:51:02Z">
          <reporter-output>
          </reporter-output>
        </test-method> <!-- tearDown -->
        <test-method status="PASS" signature="endReport()[pri:0, instance:com.OrangeHRM.TestCases.TC_LoginPage@7d9d1a19]" name="endReport" is-config="true" duration-ms="204" started-at="2020-01-20T20:51:02Z" finished-at="2020-01-20T20:51:02Z">
          <reporter-output>
          </reporter-output>
        </test-method> <!-- endReport -->
      </class> <!-- com.OrangeHRM.TestCases.TC_LoginPage -->
    </test> <!-- ChromeTest -->
  </suite> <!-- Suite -->
</testng-results>
